<?xml version="1.0" encoding="UTF-8"?>
<!-- Generated by org.testng.reporters.JUnitXMLReporter -->
<testsuite ignored="0" hostname="Priya" failures="0" tests="5" name="Testing Firefox" time="34.197" errors="0" timestamp="2024-09-12T18:55:04 IST">
  <testcase classname="Practice.Grotech_datadriven_crossbrowser" name="Grotech" time="6.499"/>
  <testcase classname="Practice.Grotech_datadriven_crossbrowser" name="Grotech" time="5.799"/>
  <testcase classname="Practice.Grotech_datadriven_crossbrowser" name="Grotech" time="4.625"/>
  <testcase classname="Practice.Grotech_datadriven_crossbrowser" name="Grotech" time="5.116"/>
  <testcase classname="Practice.Grotech_datadriven_crossbrowser" name="Grotech" time="7.06"/>
</testsuite> <!-- Testing Firefox -->
