<?xml version="1.0" encoding="UTF-8"?>
<!-- Generated by org.testng.reporters.JUnitXMLReporter -->
<testsuite ignored="0" hostname="Priya" failures="0" tests="4" name="Integration Test Cases" time="0.1" errors="0" timestamp="2024-09-10T07:33:00 IST">
  <testcase classname="Practice1.Testcase1" name="login" time="0.021"/>
  <testcase classname="Practice1.TestCase2" name="logout" time="0.001"/>
  <testcase classname="Practice1.Testcase3" name="registartion" time="0.003"/>
  <testcase classname="Practice1.Testcase4" name="searching" time="0.001"/>
</testsuite> <!-- Integration Test Cases -->
