<?xml version="1.0" encoding="UTF-8"?>
<!-- Generated by org.testng.reporters.JUnitXMLReporter -->
<testsuite ignored="1" hostname="Priya" failures="0" tests="31" name="TestCase" time="10.348" errors="0" timestamp="2024-09-10T16:55:04 IST">
  <testcase classname="Practice1.Launch_browser" name="method1" time="10.205"/>
  <testcase classname="Practice1.Disable_testcase" name="testcase1" time="0.003"/>
  <testcase classname="Practice1.Disable_testcase" name="testcase1" time="0.002"/>
  <testcase classname="Practice1.Disable_testcase" name="testcase1" time="0.002"/>
  <testcase classname="Practice1.Disable_testcase" name="testcase1" time="0.001"/>
  <testcase classname="Practice1.Disable_testcase" name="testcase1" time="0.001"/>
  <testcase classname="Practice1.Disable_testcase" name="testcase1" time="0.001"/>
  <testcase classname="Practice1.Disable_testcase" name="testcase1" time="0.003"/>
  <testcase classname="Practice1.Disable_testcase" name="testcase1" time="0.002"/>
  <testcase classname="Practice1.Disable_testcase" name="testcase1" time="0.001"/>
  <testcase classname="Practice1.Disable_testcase" name="testcase1" time="0.001"/>
  <testcase classname="Practice1.invocationcount" name="testcase1" time="0.002"/>
  <testcase classname="Practice1.invocationcount" name="testcase1" time="0.001"/>
  <testcase classname="Practice1.invocationcount" name="testcase1" time="0.001"/>
  <testcase classname="Practice1.invocationcount" name="testcase1" time="0.002"/>
  <testcase classname="Practice1.invocationcount" name="testcase1" time="0.001"/>
  <testcase classname="Practice1.invocationcount" name="testcase1" time="0.001"/>
  <testcase classname="Practice1.invocationcount" name="testcase1" time="0.001"/>
  <testcase classname="Practice1.invocationcount" name="testcase1" time="0.0"/>
  <testcase classname="Practice1.invocationcount" name="testcase1" time="0.002"/>
  <testcase classname="Practice1.invocationcount" name="testcase1" time="0.001"/>
  <testcase classname="Practice1.Invocation_priority" name="testcase2" time="0.001"/>
  <testcase classname="Practice1.Invocation_priority" name="testcase1" time="0.001"/>
  <testcase classname="Practice1.Invocation_priority" name="testcase1" time="0.002"/>
  <testcase classname="Practice1.Invocation_priority" name="testcase1" time="0.001"/>
  <testcase classname="Practice1.Invocation_priority" name="testcase1" time="0.001"/>
  <testcase classname="Practice1.Invocation_priority" name="testcase1" time="0.001"/>
  <testcase classname="Practice1.Testcase1" name="login" time="0.001"/>
  <testcase classname="Practice1.TestCase2" name="logout" time="0.0"/>
  <testcase classname="Practice1.Testcase3" name="registartion" time="0.001"/>
  <testcase classname="Practice1.Testcase4" name="searching" time="0.0"/>
  <testcase classname="Practice1.Disable_testcase" name="testcase2" time="0.0">
    <ignored/>
  </testcase> <!-- testcase2 -->
</testsuite> <!-- TestCase -->
