<?xml version="1.0" encoding="UTF-8"?>
<testng-results ignored="0" total="1" passed="1" failed="0" skipped="0">
  <reporter-output>
  </reporter-output>
  <suite started-at="2024-10-02T23:15:08 IST" name="Default suite" finished-at="2024-10-02T23:15:49 IST" duration-ms="41318">
    <groups>
    </groups>
    <test started-at="2024-10-02T23:15:08 IST" name="Default test" finished-at="2024-10-02T23:15:49 IST" duration-ms="41318">
      <class name="Assertion_TestNg.Amazon_Assert1_Size">
        <test-method signature="Testcase()[pri:0, instance:Assertion_TestNg.Amazon_Assert1_Size@2805d709]" started-at="2024-10-02T23:15:08 IST" name="Testcase" finished-at="2024-10-02T23:15:49 IST" duration-ms="41275" status="PASS">
          <reporter-output>
          </reporter-output>
        </test-method> <!-- Testcase -->
      </class> <!-- Assertion_TestNg.Amazon_Assert1_Size -->
    </test> <!-- Default test -->
  </suite> <!-- Default suite -->
</testng-results>
